2025-05-14 11:33:45,168 - INFO - 
Starting workflow with config: /home/mchrnwsk/qmmm/runs/expanding_reaction_scope/ellipticine/optimise/sub+H2./config.yaml
2025-05-14 11:33:45,168 - INFO - 
Number of steps in the workflow: 1
2025-05-14 11:33:45,168 - INFO - 
Executing step 1: SUB_opt_unrest
2025-05-14 11:33:45,168 - DEBUG - Executing ORCA task: /home/mchrnwsk/qmmm/runs/expanding_reaction_scope/ellipticine/optimise/sub+H2./SUB_opt_unrest.inp with args: [] and {'title': 'QM Unrestrained Optimization for singly-oxidised 4,7-dimethyl-5-anilinoquinoline', 'inputFile': '/home/mchrnwsk/qmmm/runs/expanding_reaction_scope/ellipticine/optimise/sub+H2./sub+H2.xyz', 'moleculeInfo': {'charge': 1, 'multiplicity': 3}, 'qmMethod': 'XTB2', 'parallelize': 8, 'maxcore': 2500}
2025-05-14 11:33:45,168 - DEBUG - Extracting ORCA arguments
2025-05-14 11:33:45,168 - DEBUG - 
                 ORCA arguments:
                 title=QM Unrestrained Optimization for singly-oxidised 4,7-dimethyl-5-anilinoquinoline, inputFormat=xyzfile, inputFile=/home/mchrnwsk/qmmm/runs/expanding_reaction_scope/ellipticine/optimise/sub+H2./sub+H2.xyz,
                 moleculeInfo={'charge': 1, 'multiplicity': 3}, qmmm={}, qmMethod=XTB2,
                 geom={}, parallelize=8, maxcore=2500, neb={}, scf={}
2025-05-14 11:33:45,168 - DEBUG - Handling ORCA input: /home/mchrnwsk/qmmm/runs/expanding_reaction_scope/ellipticine/optimise/sub+H2./SUB_opt_unrest.inp
2025-05-14 11:33:45,168 - DEBUG - Ensuring directory exists: /home/mchrnwsk/qmmm/runs/expanding_reaction_scope/ellipticine/optimise/sub+H2./0_SUB_opt_unrest
2025-05-14 11:33:45,168 - DEBUG - Directory ensured: /home/mchrnwsk/qmmm/runs/expanding_reaction_scope/ellipticine/optimise/sub+H2./0_SUB_opt_unrest
2025-05-14 11:33:45,168 - DEBUG - Copied /home/mchrnwsk/qmmm/runs/expanding_reaction_scope/ellipticine/optimise/sub+H2./SUB_opt_unrest.inp to /home/mchrnwsk/qmmm/runs/expanding_reaction_scope/ellipticine/optimise/sub+H2./0_SUB_opt_unrest
2025-05-14 11:33:45,168 - DEBUG - Running command: /home/mchrnwsk/orca_6_0_1_linux_x86-64_shared_openmpi416/orca /home/mchrnwsk/qmmm/runs/expanding_reaction_scope/ellipticine/optimise/sub+H2./0_SUB_opt_unrest/SUB_opt_unrest.inp /home/mchrnwsk/qmmm/runs/expanding_reaction_scope/ellipticine/optimise/sub+H2./SUB_opt_unrest.out in /home/mchrnwsk/qmmm/runs/expanding_reaction_scope/ellipticine/optimise/sub+H2./0_SUB_opt_unrest
2025-05-14 11:33:45,168 - DEBUG - Ensuring directory exists: /home/mchrnwsk/qmmm/runs/expanding_reaction_scope/ellipticine/optimise/sub+H2./0_SUB_opt_unrest
2025-05-14 11:33:45,168 - DEBUG - Directory ensured: /home/mchrnwsk/qmmm/runs/expanding_reaction_scope/ellipticine/optimise/sub+H2./0_SUB_opt_unrest
2025-05-14 11:33:46,612 - DEBUG - Handling ORCA output for step: SUB_opt_unrest
2025-05-14 11:33:46,612 - ERROR - PDB file /home/mchrnwsk/qmmm/runs/expanding_reaction_scope/ellipticine/optimise/sub+H2./0_SUB_opt_unrest/SUB_opt_unrest.pdb not found, skipping copy
2025-05-14 11:33:46,612 - INFO - 
Workflow completed successfully
